<?xml version="1.0" encoding="UTF-8"?>
<testng-results ignored="0" total="1" passed="1" failed="0" skipped="0">
  <reporter-output>
  </reporter-output>
  <suite started-at="2023-04-28T11:22:07 ALMT" name="Guru99 Bank" finished-at="2023-04-28T11:22:08 ALMT" duration-ms="1250">
    <groups>
    </groups>
    <test started-at="2023-04-28T11:22:07 ALMT" name="L" finished-at="2023-04-28T11:22:08 ALMT" duration-ms="1250">
      <class name="Test1">
        <test-method is-config="true" signature="setup()[pri:0, instance:Test1@7fa98a66]" started-at="2023-04-28T11:22:07 ALMT" name="setup" finished-at="2023-04-28T11:22:07 ALMT" duration-ms="195" status="PASS">
          <reporter-output>
          </reporter-output>
        </test-method> <!-- setup -->
        <test-method signature="testInsertToDb()[pri:0, instance:Test1@7fa98a66]" started-at="2023-04-28T11:22:07 ALMT" name="testInsertToDb" finished-at="2023-04-28T11:22:08 ALMT" duration-ms="1023" status="PASS">
          <reporter-output>
          </reporter-output>
        </test-method> <!-- testInsertToDb -->
        <test-method is-config="true" signature="quit()[pri:0, instance:Test1@7fa98a66]" started-at="2023-04-28T11:22:08 ALMT" name="quit" finished-at="2023-04-28T11:22:08 ALMT" duration-ms="1" status="PASS">
          <reporter-output>
          </reporter-output>
        </test-method> <!-- quit -->
      </class> <!-- Test1 -->
    </test> <!-- L -->
  </suite> <!-- Guru99 Bank -->
</testng-results>
